Process 1 (pid  5433, parent  5432) has STARTED
Process 1 received all STARTED messages
Process 1 has DONE its work
Process 1 received all DONE messages
Process 1 (pid  6284, parent  6283) has STARTED
Process 1 received all STARTED messages
Process 1 has DONE its work
Process 1 received all DONE messages
Process 1 (pid  6312, parent  6311) has STARTED
Process 2 (pid  6313, parent  6311) has STARTED
Process 2 received all STARTED messages
Process 1 received all STARTED messages
Process 2 has DONE its work
Process 1 has DONE its work
Process 1 received all DONE messages
Process 2 received all DONE messages
Process 1 (pid  8863, parent  8862) has STARTED
Process 2 (pid  8864, parent  8862) has STARTED
Process 1 received all STARTED messages
Process 2 received all STARTED messages
Process 1 has DONE its work
Process 2 has DONE its work
Process 2 received all DONE messages
Process 1 received all DONE messages
Process 1 (pid  9315, parent  9314) has STARTED
Process 2 (pid  9316, parent  9314) has STARTED
Process 2 received all STARTED messages
Process 1 received all STARTED messages
Process 2 has DONE its work
Process 1 has DONE its work
Process 1 received all DONE messages
Process 2 received all DONE messages
Process 1 (pid 10863, parent 10862) has STARTED
Process 2 (pid 10864, parent 10862) has STARTED
Process 1 received all STARTED messages
Process 2 received all STARTED messages
Process 1 has DONE its work
Process 2 has DONE its work
Process 1 received all DONE messages
Process 2 received all DONE messages
Process 2 received all STARTED messages
Process 1 received all STARTED messages
Process 2 has DONE its work
Process 1 has DONE its work
Process 1 received all DONE messages
Process 2 received all DONE messages
Process 1 received all STARTED messages
Process 2 received all STARTED messages
Process 2 has DONE its work
Process 1 has DONE its work
Process 1 received all DONE messages
Process 2 received all DONE messages
Process 2 received all STARTED messages
Process 1 received all STARTED messages
Process 2 has DONE its work
Process 1 has DONE its work
Process 2 received all DONE messages
Process 1 received all DONE messages
Process 2 received all STARTED messages
Process 1 received all STARTED messages
Process 2 has DONE its work
Process 1 has DONE its work
Process 1 received all DONE messages
Process 2 received all DONE messages
Process 1 received all STARTED messages
Process 2 received all STARTED messages
Process 1 has DONE its work
Process 2 has DONE its work
Process 1 received all DONE messages
Process 2 received all DONE messages
Process 2 received all STARTED messages
Process 1 received all STARTED messages
Process 2 has DONE its work
Process 1 has DONE its work
Process 1 received all DONE messages
Process 2 received all DONE messages
Process 2 received all STARTED messages
Process 1 received all STARTED messages
Process 2 has DONE its work
Process 1 has DONE its work
Process 1 received all DONE messages
Process 2 received all DONE messages
Process 1 has DONE its work
Process 2 has DONE its work
Process 1 received all DONE messages
Process 2 received all DONE messages
Process 2 received all STARTED messages
Process 1 received all STARTED messages
Process 2 has DONE its work
Process 1 has DONE its work
Process 1 received all DONE messages
Process 2 received all DONE messages
Process 1 received all STARTED messages
Process 2 received all STARTED messages
Process 1 has DONE its work
Process 2 has DONE its work
Process 1 received all DONE messages
Process 2 received all DONE messages
Process 2 received all STARTED messages
Process 1 received all STARTED messages
Process 2 has DONE its work
Process 1 has DONE its work
Process 1 received all STARTED messages
Process 2 received all STARTED messages
Process 1 has DONE its work
Process 2 has DONE its work
Process 1 received all DONE messages
Process 2 received all DONE messages
Process 2 received all STARTED messages
Process 1 received all STARTED messages
Process 2 has DONE its work
Process 1 has DONE its work
Process 1 received all DONE messages
Process 2 received all DONE messages
Process 1 received all STARTED messages
Process 2 received all STARTED messages
Process 1 has DONE its work
Process 2 has DONE its work
Process 1 received all DONE messages
Process 2 received all DONE messages
Process 2 received all STARTED messages
Process 1 received all STARTED messages
Process 2 has DONE its work
Process 1 has DONE its work
Process 1 received all DONE messages
Process 2 received all DONE messages
Process 1 received all STARTED messages
Process 1 has DONE its work
Process 2 received all STARTED messages
Process 2 has DONE its work
Process 2 received all DONE messages
Process 1 received all DONE messages
Process 2 received all STARTED messages
Process 1 received all STARTED messages
Process 2 has DONE its work
Process 1 has DONE its work
Process 1 received all DONE messages
Process 2 received all DONE messages
Process 2 received all STARTED messages
Process 1 received all STARTED messages
Process 2 has DONE its work
Process 1 has DONE its work
Process 1 received all DONE messages
Process 2 received all DONE messages
Process 1 received all STARTED messages
Process 2 received all STARTED messages
Process 1 has DONE its work
Process 2 has DONE its work
Process 1 received all DONE messages
Process 2 received all DONE messages
Process 1 received all STARTED messages
Process 2 received all STARTED messages
Process 1 has DONE its work
Process 2 has DONE its work
Process 1 received all DONE messages
Process 2 received all DONE messages
Process 1 received all STARTED messages
Process 2 received all STARTED messages
Process 1 has DONE its work
Process 2 has DONE its work
Process 1 received all DONE messages
Process 2 received all DONE messages
Process 2 received all STARTED messages
Process 1 received all STARTED messages
Process 2 has DONE its work
Process 1 has DONE its work
Process 1 received all DONE messages
Process 2 received all DONE messages
Process 2 received all STARTED messages
Process 1 received all STARTED messages
Process 2 has DONE its work
Process 1 has DONE its work
Process 1 received all DONE messages
Process 2 received all DONE messages
Process 1 received all STARTED messages
Process 2 received all STARTED messages
Process 1 has DONE its work
Process 2 has DONE its work
Process 1 received all DONE messages
Process 2 received all DONE messages
Process 2 received all STARTED messages
Process 1 received all STARTED messages
Process 1 has DONE its work
Process 2 has DONE its work
Process 1 received all DONE messages
Process 2 received all DONE messages
Process 1 received all STARTED messages
Process 2 received all STARTED messages
Process 1 has DONE its work
Process 2 has DONE its work
Process 1 received all DONE messages
Process 2 received all DONE messages
Process 2 received all STARTED messages
Process 1 received all STARTED messages
Process 2 has DONE its work
Process 1 has DONE its work
Process 1 received all DONE messages
Process 2 received all DONE messages
Process 1 received all STARTED messages
Process 2 received all STARTED messages
Process 1 has DONE its work
Process 2 has DONE its work
Process 1 received all DONE messages
Process 2 received all DONE messages
Process 2 received all STARTED messages
Process 1 received all STARTED messages
Process 2 has DONE its work
Process 1 has DONE its work
Process 1 received all DONE messages
Process 2 received all DONE messages
Process 1 received all STARTED messages
Process 2 received all STARTED messages
Process 1 has DONE its work
Process 2 has DONE its work
Process 1 received all DONE messages
Process 2 received all DONE messages
Process 1 received all STARTED messages
Process 2 received all STARTED messages
Process 1 has DONE its work
Process 2 has DONE its work
Process 1 received all DONE messages
Process 2 received all DONE messages
Process 2 received all STARTED messages
Process 1 received all STARTED messages
Process 2 has DONE its work
Process 1 has DONE its work
Process 1 received all DONE messages
Process 2 received all DONE messages
Process 1 received all STARTED messages
Process 2 received all STARTED messages
Process 2 has DONE its work
Process 1 has DONE its work
Process 1 received all DONE messages
Process 2 received all DONE messages
Process 2 received all STARTED messages
Process 1 received all STARTED messages
Process 2 has DONE its work
Process 1 has DONE its work
Process 1 received all DONE messages
Process 2 received all DONE messages
Process 1 received all STARTED messages
Process 2 received all STARTED messages
Process 1 has DONE its work
Process 2 has DONE its work
Process 1 received all DONE messages
Process 2 received all DONE messages
Process 1 received all STARTED messages
Process 2 received all STARTED messages
Process 1 has DONE its work
Process 2 has DONE its work
Process 1 received all DONE messages
Process 2 received all DONE messages
Process 1 received all STARTED messages
Process 2 received all STARTED messages
Process 1 has DONE its work
Process 2 has DONE its work
Process 2 received all DONE messages
Process 1 received all DONE messages
Process 2 received all STARTED messages
Process 1 received all STARTED messages
Process 2 has DONE its work
Process 1 has DONE its work
Process 1 received all DONE messages
Process 2 received all DONE messages
Process 1 received all STARTED messages
Process 2 received all STARTED messages
Process 1 has DONE its work
Process 2 has DONE its work
Process 2 received all DONE messages
Process 1 received all DONE messages
Process 1 received all STARTED messages
Process 2 received all STARTED messages
Process 1 has DONE its work
Process 2 has DONE its work
Process 1 received all DONE messages
Process 2 received all DONE messages
Process 2 received all STARTED messages
Process 1 received all STARTED messages
Process 2 has DONE its work
Process 1 has DONE its work
Process 1 received all DONE messages
Process 2 received all DONE messages
Process 1 received all STARTED messages
Process 2 received all STARTED messages
Process 1 has DONE its work
Process 2 has DONE its work
Process 2 received all DONE messages
Process 1 received all DONE messages
Process 2 received all STARTED messages
Process 2 has DONE its work
Process 1 received all STARTED messages
Process 1 has DONE its work
Process 1 received all DONE messages
Process 2 received all DONE messages
Process 2 received all STARTED messages
Process 1 received all STARTED messages
Process 2 has DONE its work
Process 1 has DONE its work
Process 1 received all DONE messages
Process 2 received all DONE messages
Process 1 received all STARTED messages
Process 2 received all STARTED messages
Process 1 has DONE its work
Process 2 has DONE its work
Process 1 received all DONE messages
Process 2 received all DONE messages
Process 1 received all STARTED messages
Process 2 received all STARTED messages
Process 1 has DONE its work
Process 2 has DONE its work
Process 1 received all DONE messages
Process 2 received all DONE messages
Process 2 received all STARTED messages
Process 1 received all STARTED messages
Process 2 has DONE its work
Process 1 has DONE its work
Process 1 received all DONE messages
Process 2 received all DONE messages
Process 2 received all STARTED messages
Process 1 received all STARTED messages
Process 2 has DONE its work
Process 1 has DONE its work
Process 1 received all DONE messages
Process 2 received all DONE messages
Process 1 received all STARTED messages
Process 2 received all STARTED messages
Process 1 has DONE its work
Process 2 has DONE its work
Process 1 received all DONE messages
Process 2 received all DONE messages
Process 1 received all STARTED messages
Process 2 received all STARTED messages
Process 1 has DONE its work
Process 2 has DONE its work
Process 1 received all DONE messages
Process 2 received all DONE messages
Process 2 received all STARTED messages
Process 1 received all STARTED messages
Process 2 has DONE its work
Process 1 has DONE its work
Process 1 received all DONE messages
Process 2 received all DONE messages
Process 2 received all STARTED messages
Process 1 received all STARTED messages
Process 2 has DONE its work
Process 1 has DONE its work
Process 1 received all DONE messages
Process 2 received all DONE messages
Process 2 received all STARTED messages
Process 1 received all STARTED messages
Process 2 has DONE its work
Process 1 has DONE its work
Process 1 received all DONE messages
Process 2 received all DONE messages
Process 2 received all STARTED messages
Process 1 received all STARTED messages
Process 2 has DONE its work
Process 1 has DONE its work
Process 1 received all DONE messages
Process 2 received all DONE messages
Process 1 received all STARTED messages
Process 2 received all STARTED messages
Process 1 has DONE its work
Process 2 has DONE its work
Process 1 received all DONE messages
Process 2 received all DONE messages
Process 2 received all STARTED messages
Process 1 received all STARTED messages
Process 2 has DONE its work
Process 1 has DONE its work
Process 1 received all DONE messages
Process 2 received all DONE messages
Process 2 received all STARTED messages
Process 1 received all STARTED messages
Process 2 has DONE its work
Process 1 has DONE its work
Process 1 received all DONE messages
Process 2 received all DONE messages
Process 2 received all STARTED messages
Process 1 received all STARTED messages
Process 2 has DONE its work
Process 1 has DONE its work
Process 1 received all DONE messages
Process 2 received all DONE messages
Process 2 received all STARTED messages
Process 1 received all STARTED messages
Process 2 has DONE its work
Process 1 has DONE its work
Process 1 received all DONE messages
Process 2 received all DONE messages
Process 1 received all STARTED messages
Process 2 received all STARTED messages
Process 1 has DONE its work
Process 2 has DONE its work
Process 1 received all DONE messages
Process 2 received all DONE messages
Process 2 received all STARTED messages
Process 1 received all STARTED messages
Process 2 has DONE its work
Process 1 has DONE its work
Process 1 received all DONE messages
Process 2 received all DONE messages
Process 2 received all STARTED messages
Process 1 received all STARTED messages
Process 2 has DONE its work
Process 1 has DONE its work
Process 1 received all DONE messages
Process 2 received all DONE messages
Process 1 received all STARTED messages
Process 2 received all STARTED messages
Process 1 has DONE its work
Process 2 has DONE its work
Process 2 received all DONE messages
Process 1 received all DONE messages
Process 2 has DONE its work
Process 1 has DONE its work
Process 1 received all DONE messages
Process 2 received all DONE messages
Process 2 has DONE its work
Process 1 has DONE its work
Process 1 received all DONE messages
Process 2 received all DONE messages
Process 2 received all STARTED messages
Process 1 received all STARTED messages
Process 2 has DONE its work
Process 1 has DONE its work
Process 1 received all DONE messages
Process 2 received all DONE messages
Process 2 received all STARTED messages
Process 1 received all STARTED messages
Process 2 has DONE its work
Process 1 has DONE its work
Process 1 received all DONE messages
Process 2 received all DONE messages
Process 1 received all STARTED messages
Process 2 received all STARTED messages
Process 1 has DONE its work
Process 2 has DONE its work
Process 1 received all DONE messages
Process 2 received all DONE messages
Process 2 received all STARTED messages
Process 1 received all STARTED messages
Process 2 has DONE its work
Process 1 has DONE its work
Process 1 received all DONE messages
Process 2 received all DONE messages
Process 2 received all STARTED messages
Process 1 received all STARTED messages
Process 2 has DONE its work
Process 1 has DONE its work
Process 1 received all DONE messages
Process 2 received all DONE messages
Process 1 received all STARTED messages
Process 2 received all STARTED messages
Process 1 has DONE its work
Process 2 has DONE its work
Process 1 received all DONE messages
Process 2 received all DONE messages
Process 1 received all STARTED messages
Process 2 received all STARTED messages
Process 1 has DONE its work
Process 2 has DONE its work
Process 1 received all DONE messages
Process 2 received all DONE messages
Process 1 received all STARTED messages
Process 2 received all STARTED messages
Process 1 has DONE its work
Process 2 has DONE its work
Process 1 received all DONE messages
Process 2 received all DONE messages
Process 2 received all STARTED messages
Process 1 received all STARTED messages
Process 1 has DONE its work
Process 2 has DONE its work
Process 1 received all DONE messages
Process 2 received all DONE messages
Process 2 received all STARTED messages
Process 1 received all STARTED messages
Process 2 has DONE its work
Process 1 has DONE its work
Process 1 received all DONE messages
Process 2 received all DONE messages
Process 2 received all STARTED messages
Process 1 received all STARTED messages
Process 2 has DONE its work
Process 1 has DONE its work
Process 1 received all DONE messages
Process 2 received all DONE messages
Process 1 received all STARTED messages
Process 1 has DONE its work
Process 1 received all DONE messages
Process 2 received all STARTED messages
Process 1 received all STARTED messages
Process 2 has DONE its work
Process 1 has DONE its work
Process 1 received all DONE messages
Process 2 received all DONE messages
Pipe closed in process 1 for writing from 2 process into 1 process.
Pipe closed in process 2 for reading into 2 process from 1 process.
Process 2 received all STARTED messages
Process 1 received all STARTED messages
Process 2 has DONE its work
Process 1 has DONE its work
Process 1 received all DONE messages
Process 2 received all DONE messages
Pipe closed in process 1 for writing from 2 process into 1 process.
Pipe closed in process 2 for reading into 2 process from 1 process.
Process 1 received all STARTED messages
Process 2 received all STARTED messages
Process 1 has DONE its work
Process 2 has DONE its work
Process 1 received all DONE messages
Process 2 received all DONE messages
Pipe closed in process 1 for writing from 2 process into 1 process.
Pipe closed in process 2 for reading into 2 process from 1 process.
Process 2 received all STARTED messages
Process 1 received all STARTED messages
Process 2 has DONE its work
Process 1 has DONE its work
Process 1 received all DONE messages
Process 2 received all DONE messages
Pipe closed in process 1 for writing from 2 process into 1 process.
Pipe closed in process 2 for reading into 2 process from 1 process.
Process 2 received all STARTED messages
Process 1 received all STARTED messages
Process 2 has DONE its work
Process 1 has DONE its work
Process 1 received all DONE messages
Process 2 received all DONE messages
Pipe closed in process 1 for writing from 2 process into 1 process.
Pipe closed in process 2 for reading into 2 process from 1 process.
Process 2 received all STARTED messages
Process 1 received all STARTED messages
Process 2 has DONE its work
Process 1 has DONE its work
Process 1 received all DONE messages
Process 2 received all DONE messages
Pipe closed in process 1 for writing from 2 process into 1 process.
Pipe closed in process 2 for reading into 2 process from 1 process.
Process 1 received all STARTED messages
Process 2 received all STARTED messages
Process 1 has DONE its work
Process 2 has DONE its work
Process 1 received all DONE messages
Process 2 received all DONE messages
