[Opened for all processes descriptor for receiving messages from process 0 by process 1]
[Opened for all processes descriptor for sending messages to process 1 by process 0]
[Opened for all processes descriptor for receiving messages from process 0 by process 2]
[Opened for all processes descriptor for sending messages to process 2 by process 0]
[Opened for all processes descriptor for receiving messages from process 1 by process 0]
[Opened for all processes descriptor for sending messages to process 0 by process 1]
[Opened for all processes descriptor for receiving messages from process 1 by process 2]
[Opened for all processes descriptor for sending messages to process 2 by process 1]
[Opened for all processes descriptor for receiving messages from process 2 by process 1]
[Opened for all processes descriptor for sending messages to process 1 by process 2]
[Opened for all processes descriptor for receiving messages from process 2 by process 0]
[Opened for all processes descriptor for sending messages to process 0 by process 2]
[Closed for process 1 descriptor for sending messages to process 1 by process 0]
[Closed for process 1 descriptor for sending messages to process 2 by process 0]
[Closed for process 1 descriptor for receiving messages from process 0 by process 2]
[Closed for process 1 descriptor for receiving messages from process 1 by process 0]
[Closed for process 1 descriptor for receiving messages from process 1 by process 2]
[Closed for process 1 descriptor for sending messages to process 1 by process 2]
[Closed for process 1 descriptor for sending messages to process 0 by process 2]
[Closed for process 1 descriptor for receiving messages from process 2 by process 0]
[Closed for process 1 all descriptors]
[Closed for process 2 descriptor for sending messages to process 1 by process 0]
[Closed for process 2 descriptor for receiving messages from process 0 by process 1]
[Closed for process 2 descriptor for sending messages to process 2 by process 0]
[Closed for process 2 descriptor for sending messages to process 0 by process 1]
[Closed for process 2 descriptor for receiving messages from process 1 by process 0]
[Closed for process 2 descriptor for sending messages to process 2 by process 1]
[Closed for process 2 descriptor for receiving messages from process 2 by process 1]
[Closed for process 2 descriptor for receiving messages from process 2 by process 0]
[Closed for process 2 all descriptors]
[Closed for process 0 descriptor for receiving messages from process 0 by process 1]
[Closed for process 0 descriptor for receiving messages from process 0 by process 2]
[Closed for process 0 descriptor for sending messages to process 0 by process 1]
[Closed for process 0 descriptor for sending messages to process 2 by process 1]
[Closed for process 0 descriptor for receiving messages from process 1 by process 2]
[Closed for process 0 descriptor for sending messages to process 1 by process 2]
[Closed for process 0 descriptor for receiving messages from process 2 by process 1]
[Closed for process 0 descriptor for sending messages to process 0 by process 2]
[Closed for process 0 all descriptors]
